<?xml version="1.0" encoding="UTF-8"?>
<!-- Generated by org.testng.reporters.JUnitReportReporter -->
<testsuite skipped="0" hostname="LAPTOP-103PKHTO" name="com.qascript.SeleniumDemo" tests="1" failures="0" timestamp="05 Sep 2021 12:36:46 GMT" time="46.184" errors="0">
  <testcase name="OpenBrowser" time="46.184" classname="com.qascript.SeleniumDemo"/>
</testsuite> <!-- com.qascript.SeleniumDemo -->
